<?xml version="1.0" encoding="UTF-8"?>
<!-- Generated by org.testng.reporters.JUnitXMLReporter -->
<testsuite hostname="Toruk-Macto" ignored="0" name="TestSample" tests="3" failures="1" timestamp="23 Mar 2019 15:13:27 GMT" time="0.045" errors="0">
  <testcase name="paramSampleTestThree" time="0.011" classname="MyTestNGSample.TestNGParameterTestSample"/>
  <testcase name="paramSampleTestTwo" time="0.002" classname="MyTestNGSample.TestNGParameterTestSample"/>
  <testcase name="paramTest" time="0.0" classname="MyTestNGSample.TestNGParameterTestSample">
    <failure type="org.testng.TestNGException" message="
Parameter &amp;apos;insertName&amp;apos; is required by @Test on method paramTest but has not been marked @Optional or defined
in E:\eclipse\MySeleniumJavaFrameworkSample\MySleniumJavaFrameworkTestGround\testngParameterTestSample.xml">
      <![CDATA[org.testng.TestNGException: 
Parameter 'insertName' is required by @Test on method paramTest but has not been marked @Optional or defined
in E:\eclipse\MySeleniumJavaFrameworkSample\MySleniumJavaFrameworkTestGround\testngParameterTestSample.xml
... Removed 24 stack frames]]>
    </failure>
  </testcase> <!-- paramTest -->
</testsuite> <!-- TestSample -->
